0 info it worked if it ends with ok
1 verbose cli [ 'C:\\Program Files\\nodejs\\node.exe',
1 verbose cli   'C:\\Users\\p.papadopoulou\\AppData\\Roaming\\npm\\node_modules\\npm\\bin\\npm-cli.js',
1 verbose cli   'start' ]
2 info using npm@3.10.8
3 info using node@v8.12.0
4 verbose run-script [ 'prestart', 'start', 'poststart' ]
5 info lifecycle dashboard@1.0.0~prestart: dashboard@1.0.0
6 silly lifecycle dashboard@1.0.0~prestart: no script for prestart, continuing
7 info lifecycle dashboard@1.0.0~start: dashboard@1.0.0
8 verbose lifecycle dashboard@1.0.0~start: unsafe-perm in lifecycle true
9 verbose lifecycle dashboard@1.0.0~start: PATH: C:\Users\p.papadopoulou\AppData\Roaming\npm\node_modules\npm\bin\node-gyp-bin;C:\Users\p.papadopoulou\React_Course\class_project\node_modules\.bin;C:\Program Files (x86)\Common Files\Oracle\Java\javapath;C:\Program Files\IBM\ILOG\CPLEX_Studio_Community127\opl\bin\x64_win64;C:\Program Files\IBM\ILOG\CPLEX_Studio_Community127\opl\oplide\;C:\Program Files\IBM\ILOG\CPLEX_Studio_Community127\cplex\bin\x64_win64;C:\Program Files\IBM\ILOG\CPLEX_Studio_Community127\cpoptimizer\bin\x64_win64;C:\ProgramData\Oracle\Java\javapath;C:\WINDOWS\system32;C:\WINDOWS;C:\WINDOWS\System32\Wbem;C:\WINDOWS\System32\WindowsPowerShell\v1.0\;C:\WINDOWS\system32\config\systemprofile\.dnx\bin;C:\Program Files\Microsoft DNX\Dnvm\;C:\Program Files\Microsoft SQL Server\130\Tools\Binn\;C:\Program Files\nodejs\;C:\WINDOWS\System32\OpenSSH\;C:\Users\p.papadopoulou\AppData\Local\Microsoft\WindowsApps;C:\Users\p.papadopoulou\Documents\MyDocs\Det\E_Spin;C:\Users\p.papadopoulou\AppData\Local\Programs\Git\cmd;C:\Program Files\Microsoft VS Code\bin;C:\Users\p.papadopoulou\AppData\Roaming\npm;
10 verbose lifecycle dashboard@1.0.0~start: CWD: C:\Users\p.papadopoulou\React_Course\class_project
11 silly lifecycle dashboard@1.0.0~start: Args: [ '/d /s /c',
11 silly lifecycle   'webpack-dev-server --config ./webpack.config.js --mode development --hot --inline --port 8080' ]
12 silly lifecycle dashboard@1.0.0~start: Returned: code: 1  signal: null
13 info lifecycle dashboard@1.0.0~start: Failed to exec start script
14 verbose stack Error: dashboard@1.0.0 start: `webpack-dev-server --config ./webpack.config.js --mode development --hot --inline --port 8080`
14 verbose stack Exit status 1
14 verbose stack     at EventEmitter.<anonymous> (C:\Users\p.papadopoulou\AppData\Roaming\npm\node_modules\npm\lib\utils\lifecycle.js:255:16)
14 verbose stack     at emitTwo (events.js:126:13)
14 verbose stack     at EventEmitter.emit (events.js:214:7)
14 verbose stack     at ChildProcess.<anonymous> (C:\Users\p.papadopoulou\AppData\Roaming\npm\node_modules\npm\lib\utils\spawn.js:40:14)
14 verbose stack     at emitTwo (events.js:126:13)
14 verbose stack     at ChildProcess.emit (events.js:214:7)
14 verbose stack     at maybeClose (internal/child_process.js:915:16)
14 verbose stack     at Process.ChildProcess._handle.onexit (internal/child_process.js:209:5)
15 verbose pkgid dashboard@1.0.0
16 verbose cwd C:\Users\p.papadopoulou\React_Course\class_project
17 error Windows_NT 10.0.17134
18 error argv "C:\\Program Files\\nodejs\\node.exe" "C:\\Users\\p.papadopoulou\\AppData\\Roaming\\npm\\node_modules\\npm\\bin\\npm-cli.js" "start"
19 error node v8.12.0
20 error npm  v3.10.8
21 error code ELIFECYCLE
22 error dashboard@1.0.0 start: `webpack-dev-server --config ./webpack.config.js --mode development --hot --inline --port 8080`
22 error Exit status 1
23 error Failed at the dashboard@1.0.0 start script 'webpack-dev-server --config ./webpack.config.js --mode development --hot --inline --port 8080'.
23 error Make sure you have the latest version of node.js and npm installed.
23 error If you do, this is most likely a problem with the dashboard package,
23 error not with npm itself.
23 error Tell the author that this fails on your system:
23 error     webpack-dev-server --config ./webpack.config.js --mode development --hot --inline --port 8080
23 error You can get information on how to open an issue for this project with:
23 error     npm bugs dashboard
23 error Or if that isn't available, you can get their info via:
23 error     npm owner ls dashboard
23 error There is likely additional logging output above.
24 verbose exit [ 1, true ]
